JUnit version 4.11-SNAPSHOT-20120416-1530
...E..E.....E
Time: 0.014
There were 3 failures:
1) Passes_quality_should_increase_by_2_when_sellin_between_5_and_10(GildedRoseTest)
java.lang.AssertionError: expected:<24> but was:<22>
	at GildedRoseTest.Passes_quality_should_increase_by_2_when_sellin_between_5_and_10(GildedRoseTest.java:113)
2) Passes_quality_should_increase_by_1_when_sellin_greater_than_10(GildedRoseTest)
java.lang.AssertionError: expected:<23> but was:<22>
	at GildedRoseTest.Passes_quality_should_increase_by_1_when_sellin_greater_than_10(GildedRoseTest.java:101)
3) Passes_quality_should_increase_by_3_when_sellin_between_0_and_5(GildedRoseTest)
java.lang.AssertionError: expected:<25> but was:<22>
	at GildedRoseTest.Passes_quality_should_increase_by_3_when_sellin_between_0_and_5(GildedRoseTest.java:125)

FAILURES!!!
Tests run: 10,  Failures: 3

